

====================> NEW TCL SESSION

(05/03/25 21:23:10)
Command:
set y1 [ expr { floor( $sclvmarginR + ( $vsizeR - ( ( %lf - %lf ) / ( %lf - %lf ) ) * $vsizeR ) ) } ]
Message:
domain error: argument not in valid range
-----

(05/03/25 21:23:10)
Command:
set y2 [ expr { floor( $sclvmarginR + ( $vsizeR - ( ( %lf - %lf ) / ( %lf - %lf ) ) * $vsizeR ) ) } ]
Message:
domain error: argument not in valid range
-----

(05/03/25 21:23:10)
Command:
set y1 [ expr { floor( $sclvmarginR + ( $vsizeR - ( ( %lf - %lf ) / ( %lf - %lf ) ) * $vsizeR ) ) } ]
Message:
domain error: argument not in valid range
-----

(05/03/25 21:23:10)
Command:
set y2 [ expr { floor( $sclvmarginR + ( $vsizeR - ( ( %lf - %lf ) / ( %lf - %lf ) ) * $vsizeR ) ) } ]
Message:
domain error: argument not in valid range
-----

(05/03/25 21:23:10)
Command:
set y1 [ expr { floor( $sclvmarginR + ( $vsizeR - ( ( %lf - %lf ) / ( %lf - %lf ) ) * $vsizeR ) ) } ]
Message:
domain error: argument not in valid range
-----

(05/03/25 21:23:10)
Command:
set y2 [ expr { floor( $sclvmarginR + ( $vsizeR - ( ( %lf - %lf ) / ( %lf - %lf ) ) * $vsizeR ) ) } ]
Message:
domain error: argument not in valid range
-----

(05/03/25 21:23:10)
Command:
set y1 [ expr { floor( $sclvmarginR + ( $vsizeR - ( ( %lf - %lf ) / ( %lf - %lf ) ) * $vsizeR ) ) } ]
Message:
domain error: argument not in valid range
-----

(05/03/25 21:23:10)
Command:
set y2 [ expr { floor( $sclvmarginR + ( $vsizeR - ( ( %lf - %lf ) / ( %lf - %lf ) ) * $vsizeR ) ) } ]
Message:
domain error: argument not in valid range
-----
